#-----------------------------------------------------------
# Vivado v2019.2 (64-bit)
# SW Build 2708876 on Wed Nov  6 21:40:23 MST 2019
# IP Build 2700528 on Thu Nov  7 00:09:20 MST 2019
# Start of session at: Sun Dec 25 19:43:48 2022
# Process ID: 15324
# Current directory: C:/Users/user/lab8_v2
# Command line: vivado.exe -gui_launcher_event rodinguilauncherevent15804 C:\Users\user\lab8_v2\lab8_v2.xpr
# Log file: C:/Users/user/lab8_v2/vivado.log
# Journal file: C:/Users/user/lab8_v2\vivado.jou
#-----------------------------------------------------------
start_gui
open_project C:/Users/user/lab8_v2/lab8_v2.xpr
Scanning sources...
Finished scanning sources
INFO: [IP_Flow 19-234] Refreshing IP repositories
INFO: [IP_Flow 19-1700] Loaded user IP repository 'c:/Users/user/lab8_template/ip'.
INFO: [IP_Flow 19-2313] Loaded Vivado IP repository 'C:/Xilinx/Vivado/2019.2/data/ip'.
open_project: Time (s): cpu = 00:00:17 ; elapsed = 00:00:06 . Memory (MB): peak = 823.609 ; gain = 167.051
exit
INFO: [Common 17-206] Exiting Vivado at Sun Dec 25 20:23:12 2022...
