#-----------------------------------------------------------
# Vivado v2019.2 (64-bit)
# SW Build 2708876 on Wed Nov  6 21:40:23 MST 2019
# IP Build 2700528 on Thu Nov  7 00:09:20 MST 2019
# Start of session at: Wed Dec 21 20:39:54 2022
# Process ID: 25456
# Current directory: C:/Users/user/lab8_v2
# Command line: vivado.exe -gui_launcher_event rodinguilauncherevent18040 C:\Users\user\lab8_v2\lab8_v2.xpr
# Log file: C:/Users/user/lab8_v2/vivado.log
# Journal file: C:/Users/user/lab8_v2\vivado.jou
#-----------------------------------------------------------
start_gui
open_project C:/Users/user/lab8_v2/lab8_v2.xpr
Scanning sources...
Finished scanning sources
INFO: [IP_Flow 19-234] Refreshing IP repositories
INFO: [IP_Flow 19-1700] Loaded user IP repository 'c:/Users/user/lab8_template/ip'.
INFO: [IP_Flow 19-2313] Loaded Vivado IP repository 'C:/Xilinx/Vivado/2019.2/data/ip'.
open_project: Time (s): cpu = 00:00:15 ; elapsed = 00:00:05 . Memory (MB): peak = 836.895 ; gain = 139.777
exit
INFO: [Common 17-206] Exiting Vivado at Wed Dec 21 21:03:08 2022...
