#-----------------------------------------------------------
# Vivado v2019.2 (64-bit)
# SW Build 2708876 on Wed Nov  6 21:40:23 MST 2019
# IP Build 2700528 on Thu Nov  7 00:09:20 MST 2019
# Start of session at: Wed Jan  4 20:57:35 2023
# Process ID: 8528
# Current directory: C:/Users/user/lab7_2
# Command line: vivado.exe -gui_launcher_event rodinguilauncherevent18680 C:\Users\user\lab7_2\lab7_2.xpr
# Log file: C:/Users/user/lab7_2/vivado.log
# Journal file: C:/Users/user/lab7_2\vivado.jou
#-----------------------------------------------------------
start_gui
open_project C:/Users/user/lab7_2/lab7_2.xpr
Scanning sources...
Finished scanning sources
INFO: [IP_Flow 19-234] Refreshing IP repositories
INFO: [IP_Flow 19-1704] No user IP repositories specified
INFO: [IP_Flow 19-2313] Loaded Vivado IP repository 'C:/Xilinx/Vivado/2019.2/data/ip'.
open_project: Time (s): cpu = 00:00:18 ; elapsed = 00:00:06 . Memory (MB): peak = 827.754 ; gain = 168.691
update_compile_order -fileset sources_1
exit
INFO: [Common 17-206] Exiting Vivado at Wed Jan  4 22:22:36 2023...
