#-----------------------------------------------------------
# Vivado v2019.2 (64-bit)
# SW Build 2708876 on Wed Nov  6 21:40:23 MST 2019
# IP Build 2700528 on Thu Nov  7 00:09:20 MST 2019
# Start of session at: Thu Nov 24 14:22:56 2022
# Process ID: 14984
# Current directory: C:/Users/user/lab6
# Command line: vivado.exe -gui_launcher_event rodinguilauncherevent20296 C:\Users\user\lab6\lab6.xpr
# Log file: C:/Users/user/lab6/vivado.log
# Journal file: C:/Users/user/lab6\vivado.jou
#-----------------------------------------------------------
start_gui
open_project C:/Users/user/lab6/lab6.xpr
Scanning sources...
Finished scanning sources
INFO: [IP_Flow 19-234] Refreshing IP repositories
INFO: [IP_Flow 19-1700] Loaded user IP repository 'c:/Users/user/KeyboardSampleCode/KeyboardSampleCode/ip'.
INFO: [IP_Flow 19-2313] Loaded Vivado IP repository 'C:/Xilinx/Vivado/2019.2/data/ip'.
open_project: Time (s): cpu = 00:00:15 ; elapsed = 00:00:05 . Memory (MB): peak = 835.895 ; gain = 171.336
update_compile_order -fileset sources_1
exit
INFO: [Common 17-206] Exiting Vivado at Thu Nov 24 14:26:01 2022...
